{
  "stats": {
    "suites": 1,
    "tests": 1,
    "passes": 0,
    "pending": 0,
    "failures": 1,
    "start": "2024-02-03T18:53:03.430Z",
    "end": "2024-02-03T18:53:12.862Z",
    "duration": 9432,
    "testsRegistered": 1,
    "passPercent": 0,
    "pendingPercent": 0,
    "other": 0,
    "hasOther": false,
    "skipped": 0,
    "hasSkipped": false
  },
  "results": [
    {
      "uuid": "c8b4acc0-53c3-46e0-b774-9281b0f21240",
      "title": "",
      "fullFile": "cypress\\e2e\\myFirstTest.cy.js",
      "file": "cypress\\e2e\\myFirstTest.cy.js",
      "beforeHooks": [],
      "afterHooks": [],
      "tests": [],
      "suites": [
        {
          "uuid": "3bedb0ba-7fad-4c7a-b3fc-6485de2db32c",
          "title": "My First Test",
          "fullFile": "",
          "file": "",
          "beforeHooks": [],
          "afterHooks": [],
          "tests": [
            {
              "title": "Navigate to a web page and click the link \"Type\" ",
              "fullTitle": "My First Test Navigate to a web page and click the link \"Type\" ",
              "timedOut": null,
              "duration": 6527,
              "state": "failed",
              "speed": null,
              "pass": false,
              "fail": true,
              "pending": false,
              "context": "{\n  \"title\": \"cypress-mochawesome-reporter-screenshots\",\n  \"value\": [\n    [\n      \"\\\\myFirstTest.cy.js\\\\My First Test -- Navigate to a web page and click the link Type (failed).png\"\n    ]\n  ]\n}",
              "code": "cy.visit('https://example.cypress.io');\ncy.contains('type').click();\ncy.url().should('include', '/commands/actions');\ncy.get('#email1').type('31davinderpal@gmail.com').should('have.value', '31davinderpal@gmail.com').type('{leftarrow}{rightarrow}{uparrow}{downarrow}').type('{del}{selectall}{backspace}').type('slow.typing@gmail.com', {\n  delay: 100\n}).type('{selectall}{backspace}');\ncy.get(':nth-child(2) > .form-control').type('disable error checking', {\n  force: true\n}).should('have.value', 'disable error checking');",
              "err": {
                "message": "CypressError: Timed out retrying after 3000ms: The command was expected to run against origin `https://opensource-demo.orangehrmlive.com` but the application is at origin `https://example.cypress.io`.\n\nThis commonly happens when you have either not navigated to the expected origin or have navigated away unexpectedly.\n\nUsing `cy.origin()` to wrap the commands run on `https://example.cypress.io` will likely fix this issue.\n\n`cy.origin('https://example.cypress.io', () => {`\n`  <commands targeting https://example.cypress.io go here>`\n`})`\n\nhttps://on.cypress.io/cy-visit-succeeded-but-commands-fail",
                "estack": "CypressError: Timed out retrying after 3000ms: The command was expected to run against origin `https://opensource-demo.orangehrmlive.com` but the application is at origin `https://example.cypress.io`.\n\nThis commonly happens when you have either not navigated to the expected origin or have navigated away unexpectedly.\n\nUsing `cy.origin()` to wrap the commands run on `https://example.cypress.io` will likely fix this issue.\n\n`cy.origin('https://example.cypress.io', () => {`\n`  <commands targeting https://example.cypress.io go here>`\n`})`\n\nhttps://on.cypress.io/cy-visit-succeeded-but-commands-fail\n    at cypressErr (https://opensource-demo.orangehrmlive.com/__cypress/runner/cypress_runner.js:75257:18)\n    at Object.errByPath (https://opensource-demo.orangehrmlive.com/__cypress/runner/cypress_runner.js:75312:10)\n    at Object.commandCanCommunicateWithAUT (https://opensource-demo.orangehrmlive.com/__cypress/runner/cypress_runner.js:145266:90)\n    at <unknown> (https://opensource-demo.orangehrmlive.com/__cypress/runner/cypress_runner.js:132129:22)\n    at HTMLBodyElement.<anonymous> (https://opensource-demo.orangehrmlive.com/__cypress/runner/cypress_runner.js:132267:23)\n    at Function.each (https://opensource-demo.orangehrmlive.com/__cypress/runner/cypress_runner.js:7252:19)\n    at jQuery.fn.init.each (https://opensource-demo.orangehrmlive.com/__cypress/runner/cypress_runner.js:7041:17)\n    at <unknown> (https://opensource-demo.orangehrmlive.com/__cypress/runner/cypress_runner.js:132265:15)\n    at Object.subjectFn (https://opensource-demo.orangehrmlive.com/__cypress/runner/cypress_runner.js:144040:16)\n    at $Cy.verifyUpcomingAssertions (https://opensource-demo.orangehrmlive.com/__cypress/runner/cypress_runner.js:143384:31)\n    at onRetry (https://opensource-demo.orangehrmlive.com/__cypress/runner/cypress_runner.js:144031:15)\n    at tryCatcher (https://opensource-demo.orangehrmlive.com/__cypress/runner/cypress_runner.js:1807:23)\n    at Promise.attempt.Promise.try (https://opensource-demo.orangehrmlive.com/__cypress/runner/cypress_runner.js:4315:29)\n    at whenStable (https://opensource-demo.orangehrmlive.com/__cypress/runner/cypress_runner.js:143918:68)\n    at <unknown> (https://opensource-demo.orangehrmlive.com/__cypress/runner/cypress_runner.js:143859:14)\n    at tryCatcher (https://opensource-demo.orangehrmlive.com/__cypress/runner/cypress_runner.js:1807:23)\n    at Promise._settlePromiseFromHandler (https://opensource-demo.orangehrmlive.com/__cypress/runner/cypress_runner.js:1519:31)\n    at Promise._settlePromise (https://opensource-demo.orangehrmlive.com/__cypress/runner/cypress_runner.js:1576:18)\n    at Promise._settlePromise0 (https://opensource-demo.orangehrmlive.com/__cypress/runner/cypress_runner.js:1621:10)\n    at Promise._settlePromises (https://opensource-demo.orangehrmlive.com/__cypress/runner/cypress_runner.js:1701:18)\n    at Promise._fulfill (https://opensource-demo.orangehrmlive.com/__cypress/runner/cypress_runner.js:1645:18)\n    at <unknown> (https://opensource-demo.orangehrmlive.com/__cypress/runner/cypress_runner.js:5450:46)\nFrom Your Spec Code:\n    at Context.eval (webpack://cypress_project1/./cypress/e2e/myFirstTest.cy.js:11:11)\n    at runnable.fn (https://opensource-demo.orangehrmlive.com/__cypress/runner/cypress_runner.js:138559:19)\n    at callFn (https://opensource-demo.orangehrmlive.com/__cypress/runner/cypress_runner.js:157180:21)\n    at Runnable.run (https://opensource-demo.orangehrmlive.com/__cypress/runner/cypress_runner.js:157167:7)\n    at <unknown> (https://opensource-demo.orangehrmlive.com/__cypress/runner/cypress_runner.js:163091:30)\n    at PassThroughHandlerContext.finallyHandler (https://opensource-demo.orangehrmlive.com/__cypress/runner/cypress_runner.js:4072:23)\n    at PassThroughHandlerContext.tryCatcher (https://opensource-demo.orangehrmlive.com/__cypress/runner/cypress_runner.js:1807:23)\n    at Promise._settlePromiseFromHandler (https://opensource-demo.orangehrmlive.com/__cypress/runner/cypress_runner.js:1519:31)",
                "diff": null
              },
              "uuid": "0be4cb5c-07ad-441a-9033-f138a51198d6",
              "parentUUID": "3bedb0ba-7fad-4c7a-b3fc-6485de2db32c",
              "isHook": false,
              "skipped": false
            }
          ],
          "suites": [],
          "passes": [],
          "failures": [
            "0be4cb5c-07ad-441a-9033-f138a51198d6"
          ],
          "pending": [],
          "skipped": [],
          "duration": 6527,
          "root": false,
          "rootEmpty": false,
          "_timeout": 2000
        }
      ],
      "passes": [],
      "failures": [],
      "pending": [],
      "skipped": [],
      "duration": 0,
      "root": true,
      "rootEmpty": true,
      "_timeout": 2000
    }
  ],
  "meta": {
    "mocha": {
      "version": "7.0.1"
    },
    "mochawesome": {
      "options": {
        "quiet": false,
        "reportFilename": "mochawesome",
        "saveHtml": false,
        "saveJson": true,
        "consoleReporter": "spec",
        "useInlineDiffs": false,
        "code": true
      },
      "version": "7.1.3"
    },
    "marge": {
      "options": {
        "overwrite": false,
        "html": false,
        "json": true,
        "reportDir": "cypress\\reports\\html\\.jsons"
      },
      "version": "6.2.0"
    }
  }
}